[01-Jul-2024 00:41:51 UTC] PHP Warning:  require(C:\Users\jmari\OneDrive\Downloads\usb rojo andrik\GitClones\sigeco_conalep/vendor/autoload.php): Failed to open stream: No such file or directory in C:\Users\jmari\OneDrive\Downloads\usb rojo andrik\GitClones\sigeco_conalep\artisan on line 18
[01-Jul-2024 00:41:51 UTC] PHP Fatal error:  Uncaught Error: Failed opening required 'C:\Users\jmari\OneDrive\Downloads\usb rojo andrik\GitClones\sigeco_conalep/vendor/autoload.php' (include_path='.;C:\php\pear') in C:\Users\jmari\OneDrive\Downloads\usb rojo andrik\GitClones\sigeco_conalep\artisan:18
Stack trace:
#0 {main}
  thrown in C:\Users\jmari\OneDrive\Downloads\usb rojo andrik\GitClones\sigeco_conalep\artisan on line 18
[01-Jul-2024 00:42:53 UTC] PHP Warning:  require(C:\Users\jmari\OneDrive\Downloads\usb rojo andrik\GitClones\sigeco_conalep/vendor/autoload.php): Failed to open stream: No such file or directory in C:\Users\jmari\OneDrive\Downloads\usb rojo andrik\GitClones\sigeco_conalep\artisan on line 18
[01-Jul-2024 00:42:53 UTC] PHP Fatal error:  Uncaught Error: Failed opening required 'C:\Users\jmari\OneDrive\Downloads\usb rojo andrik\GitClones\sigeco_conalep/vendor/autoload.php' (include_path='.;C:\php\pear') in C:\Users\jmari\OneDrive\Downloads\usb rojo andrik\GitClones\sigeco_conalep\artisan:18
Stack trace:
#0 {main}
  thrown in C:\Users\jmari\OneDrive\Downloads\usb rojo andrik\GitClones\sigeco_conalep\artisan on line 18
[01-Jul-2024 00:59:30 UTC] PHP Warning:  require(C:\Users\jmari\OneDrive\Downloads\usb rojo andrik\GitClones\sigeco_conalep/vendor/autoload.php): Failed to open stream: No such file or directory in C:\Users\jmari\OneDrive\Downloads\usb rojo andrik\GitClones\sigeco_conalep\artisan on line 18
[01-Jul-2024 00:59:30 UTC] PHP Fatal error:  Uncaught Error: Failed opening required 'C:\Users\jmari\OneDrive\Downloads\usb rojo andrik\GitClones\sigeco_conalep/vendor/autoload.php' (include_path='.;C:\php\pear') in C:\Users\jmari\OneDrive\Downloads\usb rojo andrik\GitClones\sigeco_conalep\artisan:18
Stack trace:
#0 {main}
  thrown in C:\Users\jmari\OneDrive\Downloads\usb rojo andrik\GitClones\sigeco_conalep\artisan on line 18
[01-Jul-2024 01:04:23 UTC] PHP Warning:  require(C:\Users\jmari\OneDrive\Downloads\usb rojo andrik\GitClones\sigeco_conalep/vendor/autoload.php): Failed to open stream: No such file or directory in C:\Users\jmari\OneDrive\Downloads\usb rojo andrik\GitClones\sigeco_conalep\artisan on line 18
[01-Jul-2024 01:04:23 UTC] PHP Fatal error:  Uncaught Error: Failed opening required 'C:\Users\jmari\OneDrive\Downloads\usb rojo andrik\GitClones\sigeco_conalep/vendor/autoload.php' (include_path='.;C:\php\pear') in C:\Users\jmari\OneDrive\Downloads\usb rojo andrik\GitClones\sigeco_conalep\artisan:18
Stack trace:
#0 {main}
  thrown in C:\Users\jmari\OneDrive\Downloads\usb rojo andrik\GitClones\sigeco_conalep\artisan on line 18
[01-Jul-2024 01:08:57 UTC] PHP Warning:  require(C:\Users\jmari\OneDrive\Downloads\usb rojo andrik\GitClones\sigeco_conalep/vendor/autoload.php): Failed to open stream: No such file or directory in C:\Users\jmari\OneDrive\Downloads\usb rojo andrik\GitClones\sigeco_conalep\artisan on line 18
[01-Jul-2024 01:08:57 UTC] PHP Fatal error:  Uncaught Error: Failed opening required 'C:\Users\jmari\OneDrive\Downloads\usb rojo andrik\GitClones\sigeco_conalep/vendor/autoload.php' (include_path='.;C:\php\pear') in C:\Users\jmari\OneDrive\Downloads\usb rojo andrik\GitClones\sigeco_conalep\artisan:18
Stack trace:
#0 {main}
  thrown in C:\Users\jmari\OneDrive\Downloads\usb rojo andrik\GitClones\sigeco_conalep\artisan on line 18
[01-Jul-2024 01:09:11 UTC] PHP Warning:  require(C:\Users\jmari\OneDrive\Downloads\usb rojo andrik\GitClones\sigeco_conalep/vendor/autoload.php): Failed to open stream: No such file or directory in C:\Users\jmari\OneDrive\Downloads\usb rojo andrik\GitClones\sigeco_conalep\artisan on line 18
[01-Jul-2024 01:09:11 UTC] PHP Fatal error:  Uncaught Error: Failed opening required 'C:\Users\jmari\OneDrive\Downloads\usb rojo andrik\GitClones\sigeco_conalep/vendor/autoload.php' (include_path='.;C:\php\pear') in C:\Users\jmari\OneDrive\Downloads\usb rojo andrik\GitClones\sigeco_conalep\artisan:18
Stack trace:
#0 {main}
  thrown in C:\Users\jmari\OneDrive\Downloads\usb rojo andrik\GitClones\sigeco_conalep\artisan on line 18
[01-Jul-2024 01:14:43 UTC] PHP Warning:  require(C:\Users\jmari\OneDrive\Downloads\usb rojo andrik\GitClones\sigeco_conalep/vendor/autoload.php): Failed to open stream: No such file or directory in C:\Users\jmari\OneDrive\Downloads\usb rojo andrik\GitClones\sigeco_conalep\artisan on line 18
[01-Jul-2024 01:14:43 UTC] PHP Fatal error:  Uncaught Error: Failed opening required 'C:\Users\jmari\OneDrive\Downloads\usb rojo andrik\GitClones\sigeco_conalep/vendor/autoload.php' (include_path='.;C:\php\pear') in C:\Users\jmari\OneDrive\Downloads\usb rojo andrik\GitClones\sigeco_conalep\artisan:18
Stack trace:
#0 {main}
  thrown in C:\Users\jmari\OneDrive\Downloads\usb rojo andrik\GitClones\sigeco_conalep\artisan on line 18
[01-Jul-2024 01:20:46 UTC] PHP Warning:  require(C:\Users\jmari\OneDrive\Downloads\usb rojo andrik\GitClones\sigeco_conalep/vendor/autoload.php): Failed to open stream: No such file or directory in C:\Users\jmari\OneDrive\Downloads\usb rojo andrik\GitClones\sigeco_conalep\artisan on line 18
[01-Jul-2024 01:20:46 UTC] PHP Fatal error:  Uncaught Error: Failed opening required 'C:\Users\jmari\OneDrive\Downloads\usb rojo andrik\GitClones\sigeco_conalep/vendor/autoload.php' (include_path='.;C:\php\pear') in C:\Users\jmari\OneDrive\Downloads\usb rojo andrik\GitClones\sigeco_conalep\artisan:18
Stack trace:
#0 {main}
  thrown in C:\Users\jmari\OneDrive\Downloads\usb rojo andrik\GitClones\sigeco_conalep\artisan on line 18
